This file contains any messages produced by compilers while
running configure, to aid debugging if configure makes a mistake.

It was created by gstreamer-sharp configure 1.0.7, which was
generated by GNU Autoconf 2.69.  Invocation command line was

  $ ./configure --build=i686-linux-gnu --prefix=/usr --includedir=${prefix}/include --mandir=${prefix}/share/man --infodir=${prefix}/share/info --sysconfdir=/etc --localstatedir=/var --libexecdir=${prefix}/lib/gstreamer-sharp --disable-maintainer-mode --disable-dependency-tracking build_alias=i686-linux-gnu --no-create --no-recursion

## --------- ##
## Platform. ##
## --------- ##

hostname = yannick-Aspire-5315
uname -m = i686
uname -r = 3.8.0-19-generic
uname -s = Linux
uname -v = #29-Ubuntu SMP Wed Apr 17 18:19:42 UTC 2013

/usr/bin/uname -p = unknown
/bin/uname -X     = unknown

/bin/arch              = unknown
/usr/bin/arch -k       = unknown
/usr/convex/getsysinfo = unknown
/usr/bin/hostinfo      = unknown
/bin/machine           = unknown
/usr/bin/oslevel       = unknown
/bin/universe          = unknown

PATH: /usr/lib/lightdm/lightdm
PATH: /usr/local/sbin
PATH: /usr/local/bin
PATH: /usr/sbin
PATH: /usr/bin
PATH: /sbin
PATH: /bin
PATH: /usr/games
PATH: /usr/local/games


## ----------- ##
## Core tests. ##
## ----------- ##

configure:2200: checking for a BSD-compatible install
configure:2268: result: /usr/bin/install -c
configure:2279: checking whether build environment is sane
configure:2329: result: yes
configure:2470: checking for a thread-safe mkdir -p
configure:2509: result: /bin/mkdir -p
configure:2522: checking for gawk
configure:2552: result: no
configure:2522: checking for mawk
configure:2538: found /usr/bin/mawk
configure:2549: result: mawk
configure:2560: checking whether make sets $(MAKE)
configure:2582: result: yes
configure:2673: checking whether make supports nested variables
configure:2690: result: yes
configure:2716: checking for style of include used by make
configure:2744: result: GNU
configure:2815: checking for gcc
configure:2831: found /usr/bin/gcc
configure:2842: result: gcc
configure:3071: checking for C compiler version
configure:3080: gcc --version >&5
gcc (Ubuntu/Linaro 4.7.3-1ubuntu1) 4.7.3
Copyright (C) 2012 Free Software Foundation, Inc.
This is free software; see the source for copying conditions.  There is NO
warranty; not even for MERCHANTABILITY or FITNESS FOR A PARTICULAR PURPOSE.

configure:3091: $? = 0
configure:3080: gcc -v >&5
Using built-in specs.
COLLECT_GCC=gcc
COLLECT_LTO_WRAPPER=/usr/lib/gcc/i686-linux-gnu/4.7/lto-wrapper
Target: i686-linux-gnu
Configured with: ../src/configure -v --with-pkgversion='Ubuntu/Linaro 4.7.3-1ubuntu1' --with-bugurl=file:///usr/share/doc/gcc-4.7/README.Bugs --enable-languages=c,c++,go,fortran,objc,obj-c++ --prefix=/usr --program-suffix=-4.7 --enable-shared --enable-linker-build-id --libexecdir=/usr/lib --without-included-gettext --enable-threads=posix --with-gxx-include-dir=/usr/include/c++/4.7 --libdir=/usr/lib --enable-nls --with-sysroot=/ --enable-clocale=gnu --enable-libstdcxx-debug --enable-libstdcxx-time=yes --enable-gnu-unique-object --enable-plugin --with-system-zlib --enable-objc-gc --enable-targets=all --with-cloog --enable-cloog-backend=ppl --disable-cloog-version-check --disable-ppl-version-check --enable-multiarch --disable-werror --with-arch-32=i686 --with-multilib-list=m32,m64,mx32 --with-tune=generic --enable-checking=release --build=i686-linux-gnu --host=i686-linux-gnu --target=i686-linux-gnu
Thread model: posix
gcc version 4.7.3 (Ubuntu/Linaro 4.7.3-1ubuntu1) 
configure:3091: $? = 0
configure:3080: gcc -V >&5
gcc: error: unrecognized command line option '-V'
gcc: fatal error: no input files
compilation terminated.
configure:3091: $? = 4
configure:3080: gcc -qversion >&5
gcc: error: unrecognized command line option '-qversion'
gcc: fatal error: no input files
compilation terminated.
configure:3091: $? = 4
configure:3111: checking whether the C compiler works
configure:3133: gcc    conftest.c  >&5
configure:3137: $? = 0
configure:3185: result: yes
configure:3188: checking for C compiler default output file name
configure:3190: result: a.out
configure:3196: checking for suffix of executables
configure:3203: gcc -o conftest    conftest.c  >&5
configure:3207: $? = 0
configure:3229: result: 
configure:3251: checking whether we are cross compiling
configure:3259: gcc -o conftest    conftest.c  >&5
configure:3263: $? = 0
configure:3270: ./conftest
configure:3274: $? = 0
configure:3289: result: no
configure:3294: checking for suffix of object files
configure:3316: gcc -c   conftest.c >&5
configure:3320: $? = 0
configure:3341: result: o
configure:3345: checking whether we are using the GNU C compiler
configure:3364: gcc -c   conftest.c >&5
configure:3364: $? = 0
configure:3373: result: yes
configure:3382: checking whether gcc accepts -g
configure:3402: gcc -c -g  conftest.c >&5
configure:3402: $? = 0
configure:3443: result: yes
configure:3460: checking for gcc option to accept ISO C89
configure:3523: gcc  -c -g -O2  conftest.c >&5
configure:3523: $? = 0
configure:3536: result: none needed
configure:3558: checking dependency style of gcc
configure:3669: result: none
configure:3734: checking for ar
configure:3750: found /usr/bin/ar
configure:3761: result: ar
configure:3787: checking the archiver (ar) interface
configure:3797: gcc -c -g -O2  conftest.c >&5
configure:3797: $? = 0
configure:3799: ar cru libconftest.a conftest.o >&5
configure:3802: $? = 0
configure:3825: result: ar
configure:3874: checking build system type
configure:3888: result: i686-pc-linux-gnu
configure:3908: checking host system type
configure:3921: result: i686-pc-linux-gnu
configure:3962: checking how to print strings
configure:3989: result: printf
configure:4010: checking for a sed that does not truncate output
configure:4074: result: /bin/sed
configure:4092: checking for grep that handles long lines and -e
configure:4150: result: /bin/grep
configure:4155: checking for egrep
configure:4217: result: /bin/grep -E
configure:4222: checking for fgrep
configure:4284: result: /bin/grep -F
configure:4319: checking for ld used by gcc
configure:4386: result: /usr/bin/ld
configure:4393: checking if the linker (/usr/bin/ld) is GNU ld
configure:4408: result: yes
configure:4420: checking for BSD- or MS-compatible name lister (nm)
configure:4469: result: /usr/bin/nm -B
configure:4599: checking the name lister (/usr/bin/nm -B) interface
configure:4606: gcc -c -g -O2  conftest.c >&5
configure:4609: /usr/bin/nm -B "conftest.o"
configure:4612: output
00000000 B some_variable
configure:4619: result: BSD nm
configure:4622: checking whether ln -s works
configure:4626: result: yes
configure:4634: checking the maximum length of command line arguments
configure:4765: result: 805306365
configure:4782: checking whether the shell understands some XSI constructs
configure:4792: result: yes
configure:4796: checking whether the shell understands "+="
configure:4802: result: yes
configure:4837: checking how to convert i686-pc-linux-gnu file names to i686-pc-linux-gnu format
configure:4877: result: func_convert_file_noop
configure:4884: checking how to convert i686-pc-linux-gnu file names to toolchain format
configure:4904: result: func_convert_file_noop
configure:4911: checking for /usr/bin/ld option to reload object files
configure:4918: result: -r
configure:4992: checking for objdump
configure:5008: found /usr/bin/objdump
configure:5019: result: objdump
configure:5051: checking how to recognize dependent libraries
configure:5249: result: pass_all
configure:5334: checking for dlltool
configure:5364: result: no
configure:5394: checking how to associate runtime and link libraries
configure:5421: result: printf %s\n
configure:5545: checking for archiver @FILE support
configure:5562: gcc -c -g -O2  conftest.c >&5
configure:5562: $? = 0
configure:5565: ar cru libconftest.a @conftest.lst >&5
configure:5568: $? = 0
configure:5573: ar cru libconftest.a @conftest.lst >&5
ar: conftest.o: No such file or directory
configure:5576: $? = 1
configure:5588: result: @
configure:5646: checking for strip
configure:5662: found /usr/bin/strip
configure:5673: result: strip
configure:5745: checking for ranlib
configure:5761: found /usr/bin/ranlib
configure:5772: result: ranlib
configure:5874: checking command to parse /usr/bin/nm -B output from gcc object
configure:5994: gcc -c -g -O2  conftest.c >&5
configure:5997: $? = 0
configure:6001: /usr/bin/nm -B conftest.o \| sed -n -e 's/^.*[ ]\([ABCDGIRSTW][ABCDGIRSTW]*\)[ ][ ]*\([_A-Za-z][_A-Za-z0-9]*\)$/\1 \2 \2/p' | sed '/ __gnu_lto/d' \> conftest.nm
configure:6004: $? = 0
configure:6070: gcc -o conftest -g -O2   conftest.c conftstm.o >&5
configure:6073: $? = 0
configure:6111: result: ok
configure:6148: checking for sysroot
configure:6178: result: no
configure:6441: checking for mt
configure:6457: found /bin/mt
configure:6468: result: mt
configure:6491: checking if mt is a manifest tool
configure:6497: mt '-?'
configure:6505: result: no
configure:7147: checking how to run the C preprocessor
configure:7178: gcc -E  conftest.c
configure:7178: $? = 0
configure:7192: gcc -E  conftest.c
conftest.c:11:28: fatal error: ac_nonexistent.h: No such file or directory
compilation terminated.
configure:7192: $? = 1
configure: failed program was:
| /* confdefs.h */
| #define PACKAGE_NAME "gstreamer-sharp"
| #define PACKAGE_TARNAME "gstreamer-sharp"
| #define PACKAGE_VERSION "1.0.7"
| #define PACKAGE_STRING "gstreamer-sharp 1.0.7"
| #define PACKAGE_BUGREPORT "inizan.yannick@gmail.com"
| #define PACKAGE_URL ""
| #define PACKAGE "gstreamer-sharp"
| #define VERSION "1.0.7"
| /* end confdefs.h.  */
| #include <ac_nonexistent.h>
configure:7217: result: gcc -E
configure:7237: gcc -E  conftest.c
configure:7237: $? = 0
configure:7251: gcc -E  conftest.c
conftest.c:11:28: fatal error: ac_nonexistent.h: No such file or directory
compilation terminated.
configure:7251: $? = 1
configure: failed program was:
| /* confdefs.h */
| #define PACKAGE_NAME "gstreamer-sharp"
| #define PACKAGE_TARNAME "gstreamer-sharp"
| #define PACKAGE_VERSION "1.0.7"
| #define PACKAGE_STRING "gstreamer-sharp 1.0.7"
| #define PACKAGE_BUGREPORT "inizan.yannick@gmail.com"
| #define PACKAGE_URL ""
| #define PACKAGE "gstreamer-sharp"
| #define VERSION "1.0.7"
| /* end confdefs.h.  */
| #include <ac_nonexistent.h>
configure:7280: checking for ANSI C header files
configure:7300: gcc -c -g -O2  conftest.c >&5
configure:7300: $? = 0
configure:7373: gcc -o conftest -g -O2   conftest.c  >&5
configure:7373: $? = 0
configure:7373: ./conftest
configure:7373: $? = 0
configure:7384: result: yes
configure:7397: checking for sys/types.h
configure:7397: gcc -c -g -O2  conftest.c >&5
configure:7397: $? = 0
configure:7397: result: yes
configure:7397: checking for sys/stat.h
configure:7397: gcc -c -g -O2  conftest.c >&5
configure:7397: $? = 0
configure:7397: result: yes
configure:7397: checking for stdlib.h
configure:7397: gcc -c -g -O2  conftest.c >&5
configure:7397: $? = 0
configure:7397: result: yes
configure:7397: checking for string.h
configure:7397: gcc -c -g -O2  conftest.c >&5
configure:7397: $? = 0
configure:7397: result: yes
configure:7397: checking for memory.h
configure:7397: gcc -c -g -O2  conftest.c >&5
configure:7397: $? = 0
configure:7397: result: yes
configure:7397: checking for strings.h
configure:7397: gcc -c -g -O2  conftest.c >&5
configure:7397: $? = 0
configure:7397: result: yes
configure:7397: checking for inttypes.h
configure:7397: gcc -c -g -O2  conftest.c >&5
configure:7397: $? = 0
configure:7397: result: yes
configure:7397: checking for stdint.h
configure:7397: gcc -c -g -O2  conftest.c >&5
configure:7397: $? = 0
configure:7397: result: yes
configure:7397: checking for unistd.h
configure:7397: gcc -c -g -O2  conftest.c >&5
configure:7397: $? = 0
configure:7397: result: yes
configure:7411: checking for dlfcn.h
configure:7411: gcc -c -g -O2  conftest.c >&5
configure:7411: $? = 0
configure:7411: result: yes
configure:7617: checking for objdir
configure:7632: result: .libs
configure:7903: checking if gcc supports -fno-rtti -fno-exceptions
configure:7921: gcc -c -g -O2  -fno-rtti -fno-exceptions conftest.c >&5
cc1: warning: command line option '-fno-rtti' is valid for C++/ObjC++ but not for C [enabled by default]
configure:7925: $? = 0
configure:7938: result: no
configure:8265: checking for gcc option to produce PIC
configure:8272: result: -fPIC -DPIC
configure:8280: checking if gcc PIC flag -fPIC -DPIC works
configure:8298: gcc -c -g -O2  -fPIC -DPIC -DPIC conftest.c >&5
configure:8302: $? = 0
configure:8315: result: yes
configure:8344: checking if gcc static flag -static works
configure:8372: result: yes
configure:8387: checking if gcc supports -c -o file.o
configure:8408: gcc -c -g -O2  -o out/conftest2.o conftest.c >&5
configure:8412: $? = 0
configure:8434: result: yes
configure:8442: checking if gcc supports -c -o file.o
configure:8489: result: yes
configure:8522: checking whether the gcc linker (/usr/bin/ld) supports shared libraries
configure:9679: result: yes
configure:9716: checking whether -lc should be explicitly linked in
configure:9724: gcc -c -g -O2  conftest.c >&5
configure:9727: $? = 0
configure:9742: gcc -shared  -fPIC -DPIC conftest.o  -v -Wl,-soname -Wl,conftest -o conftest 2\>\&1 \| /bin/grep  -lc  \>/dev/null 2\>\&1
configure:9745: $? = 0
configure:9759: result: no
configure:9919: checking dynamic linker characteristics
configure:10419: gcc -o conftest -g -O2   -Wl,-rpath -Wl,/foo conftest.c  >&5
configure:10419: $? = 0
configure:10653: result: GNU/Linux ld.so
configure:10760: checking how to hardcode library paths into programs
configure:10785: result: immediate
configure:11325: checking whether stripping libraries is possible
configure:11330: result: yes
configure:11365: checking if libtool supports shared libraries
configure:11367: result: yes
configure:11370: checking whether to build shared libraries
configure:11391: result: yes
configure:11394: checking whether to build static libraries
configure:11398: result: yes
configure:11483: checking for gcc
configure:11510: result: gcc
configure:11739: checking for C compiler version
configure:11748: gcc --version >&5
gcc (Ubuntu/Linaro 4.7.3-1ubuntu1) 4.7.3
Copyright (C) 2012 Free Software Foundation, Inc.
This is free software; see the source for copying conditions.  There is NO
warranty; not even for MERCHANTABILITY or FITNESS FOR A PARTICULAR PURPOSE.

configure:11759: $? = 0
configure:11748: gcc -v >&5
Using built-in specs.
COLLECT_GCC=gcc
COLLECT_LTO_WRAPPER=/usr/lib/gcc/i686-linux-gnu/4.7/lto-wrapper
Target: i686-linux-gnu
Configured with: ../src/configure -v --with-pkgversion='Ubuntu/Linaro 4.7.3-1ubuntu1' --with-bugurl=file:///usr/share/doc/gcc-4.7/README.Bugs --enable-languages=c,c++,go,fortran,objc,obj-c++ --prefix=/usr --program-suffix=-4.7 --enable-shared --enable-linker-build-id --libexecdir=/usr/lib --without-included-gettext --enable-threads=posix --with-gxx-include-dir=/usr/include/c++/4.7 --libdir=/usr/lib --enable-nls --with-sysroot=/ --enable-clocale=gnu --enable-libstdcxx-debug --enable-libstdcxx-time=yes --enable-gnu-unique-object --enable-plugin --with-system-zlib --enable-objc-gc --enable-targets=all --with-cloog --enable-cloog-backend=ppl --disable-cloog-version-check --disable-ppl-version-check --enable-multiarch --disable-werror --with-arch-32=i686 --with-multilib-list=m32,m64,mx32 --with-tune=generic --enable-checking=release --build=i686-linux-gnu --host=i686-linux-gnu --target=i686-linux-gnu
Thread model: posix
gcc version 4.7.3 (Ubuntu/Linaro 4.7.3-1ubuntu1) 
configure:11759: $? = 0
configure:11748: gcc -V >&5
gcc: error: unrecognized command line option '-V'
gcc: fatal error: no input files
compilation terminated.
configure:11759: $? = 4
configure:11748: gcc -qversion >&5
gcc: error: unrecognized command line option '-qversion'
gcc: fatal error: no input files
compilation terminated.
configure:11759: $? = 4
configure:11763: checking whether we are using the GNU C compiler
configure:11791: result: yes
configure:11800: checking whether gcc accepts -g
configure:11861: result: yes
configure:11878: checking for gcc option to accept ISO C89
configure:11954: result: none needed
configure:11976: checking dependency style of gcc
configure:12087: result: none
configure:12164: checking for pkg-config
configure:12182: found /usr/bin/pkg-config
configure:12194: result: /usr/bin/pkg-config
configure:12219: checking pkg-config is at least version 0.9.0
configure:12222: result: yes
configure:12232: checking for MONO_DEPENDENCY
configure:12239: $PKG_CONFIG --exists --print-errors "mono >= $MONO_REQUIRED_VERSION"
configure:12242: $? = 0
configure:12256: $PKG_CONFIG --exists --print-errors "mono >= $MONO_REQUIRED_VERSION"
configure:12259: $? = 0
configure:12297: result: yes
configure:12303: checking for GLIB_SHARP
configure:12310: $PKG_CONFIG --exists --print-errors "glib-sharp-2.0 >= 2.12"
configure:12313: $? = 0
configure:12327: $PKG_CONFIG --exists --print-errors "glib-sharp-2.0 >= 2.12"
configure:12330: $? = 0
configure:12368: result: yes
configure:12379: checking for mono
configure:12397: found /usr/bin/mono
configure:12410: result: /usr/bin/mono
configure:12420: checking for gmcs
configure:12438: found /usr/bin/gmcs
configure:12451: result: /usr/bin/gmcs
configure:12522: checking for GST
configure:12529: $PKG_CONFIG --exists --print-errors "gstreamer-1.0 >= $GSTREAMER_REQUIRED_VERSION"
configure:12532: $? = 0
configure:12546: $PKG_CONFIG --exists --print-errors "gstreamer-1.0 >= $GSTREAMER_REQUIRED_VERSION"
configure:12549: $? = 0
configure:12607: result: yes
configure:12751: creating ./config.status
configure:14975: WARNING: unrecognized options: --disable-maintainer-mode

## ---------------- ##
## Cache variables. ##
## ---------------- ##

ac_cv_build=i686-pc-linux-gnu
ac_cv_c_compiler_gnu=yes
ac_cv_env_CC_set=
ac_cv_env_CC_value=
ac_cv_env_CFLAGS_set=
ac_cv_env_CFLAGS_value=
ac_cv_env_CPPFLAGS_set=
ac_cv_env_CPPFLAGS_value=
ac_cv_env_CPP_set=
ac_cv_env_CPP_value=
ac_cv_env_GLIB_SHARP_CFLAGS_set=
ac_cv_env_GLIB_SHARP_CFLAGS_value=
ac_cv_env_GLIB_SHARP_LIBS_set=
ac_cv_env_GLIB_SHARP_LIBS_value=
ac_cv_env_GST_CFLAGS_set=
ac_cv_env_GST_CFLAGS_value=
ac_cv_env_GST_LIBS_set=
ac_cv_env_GST_LIBS_value=
ac_cv_env_LDFLAGS_set=
ac_cv_env_LDFLAGS_value=
ac_cv_env_LIBS_set=
ac_cv_env_LIBS_value=
ac_cv_env_MONO_DEPENDENCY_CFLAGS_set=
ac_cv_env_MONO_DEPENDENCY_CFLAGS_value=
ac_cv_env_MONO_DEPENDENCY_LIBS_set=
ac_cv_env_MONO_DEPENDENCY_LIBS_value=
ac_cv_env_PKG_CONFIG_LIBDIR_set=
ac_cv_env_PKG_CONFIG_LIBDIR_value=
ac_cv_env_PKG_CONFIG_PATH_set=
ac_cv_env_PKG_CONFIG_PATH_value=
ac_cv_env_PKG_CONFIG_set=
ac_cv_env_PKG_CONFIG_value=
ac_cv_env_build_alias_set=set
ac_cv_env_build_alias_value=i686-linux-gnu
ac_cv_env_host_alias_set=
ac_cv_env_host_alias_value=
ac_cv_env_target_alias_set=
ac_cv_env_target_alias_value=
ac_cv_header_dlfcn_h=yes
ac_cv_header_inttypes_h=yes
ac_cv_header_memory_h=yes
ac_cv_header_stdc=yes
ac_cv_header_stdint_h=yes
ac_cv_header_stdlib_h=yes
ac_cv_header_string_h=yes
ac_cv_header_strings_h=yes
ac_cv_header_sys_stat_h=yes
ac_cv_header_sys_types_h=yes
ac_cv_header_unistd_h=yes
ac_cv_host=i686-pc-linux-gnu
ac_cv_objext=o
ac_cv_path_CSC=/usr/bin/gmcs
ac_cv_path_EGREP='/bin/grep -E'
ac_cv_path_FGREP='/bin/grep -F'
ac_cv_path_GREP=/bin/grep
ac_cv_path_MONO=/usr/bin/mono
ac_cv_path_SED=/bin/sed
ac_cv_path_ac_pt_PKG_CONFIG=/usr/bin/pkg-config
ac_cv_path_install='/usr/bin/install -c'
ac_cv_path_mkdir=/bin/mkdir
ac_cv_prog_AWK=mawk
ac_cv_prog_CPP='gcc -E'
ac_cv_prog_ac_ct_AR=ar
ac_cv_prog_ac_ct_CC=gcc
ac_cv_prog_ac_ct_MANIFEST_TOOL=mt
ac_cv_prog_ac_ct_OBJDUMP=objdump
ac_cv_prog_ac_ct_RANLIB=ranlib
ac_cv_prog_ac_ct_STRIP=strip
ac_cv_prog_cc_c89=
ac_cv_prog_cc_g=yes
ac_cv_prog_make_make_set=yes
am_cv_CC_dependencies_compiler_type=none
am_cv_ar_interface=ar
am_cv_make_support_nested_variables=yes
lt_cv_ar_at_file=@
lt_cv_archive_cmds_need_lc=no
lt_cv_deplibs_check_method=pass_all
lt_cv_file_magic_cmd='$MAGIC_CMD'
lt_cv_file_magic_test_file=
lt_cv_ld_reload_flag=-r
lt_cv_nm_interface='BSD nm'
lt_cv_objdir=.libs
lt_cv_path_LD=/usr/bin/ld
lt_cv_path_NM='/usr/bin/nm -B'
lt_cv_path_mainfest_tool=no
lt_cv_prog_compiler_c_o=yes
lt_cv_prog_compiler_pic='-fPIC -DPIC'
lt_cv_prog_compiler_pic_works=yes
lt_cv_prog_compiler_rtti_exceptions=no
lt_cv_prog_compiler_static_works=yes
lt_cv_prog_gnu_ld=yes
lt_cv_sharedlib_from_linklib_cmd='printf %s\n'
lt_cv_shlibpath_overrides_runpath=no
lt_cv_sys_global_symbol_pipe='sed -n -e '\''s/^.*[	 ]\([ABCDGIRSTW][ABCDGIRSTW]*\)[	 ][	 ]*\([_A-Za-z][_A-Za-z0-9]*\)$/\1 \2 \2/p'\'' | sed '\''/ __gnu_lto/d'\'''
lt_cv_sys_global_symbol_to_c_name_address='sed -n -e '\''s/^: \([^ ]*\)[ ]*$/  {\"\1\", (void *) 0},/p'\'' -e '\''s/^[ABCDGIRSTW]* \([^ ]*\) \([^ ]*\)$/  {"\2", (void *) \&\2},/p'\'''
lt_cv_sys_global_symbol_to_c_name_address_lib_prefix='sed -n -e '\''s/^: \([^ ]*\)[ ]*$/  {\"\1\", (void *) 0},/p'\'' -e '\''s/^[ABCDGIRSTW]* \([^ ]*\) \(lib[^ ]*\)$/  {"\2", (void *) \&\2},/p'\'' -e '\''s/^[ABCDGIRSTW]* \([^ ]*\) \([^ ]*\)$/  {"lib\2", (void *) \&\2},/p'\'''
lt_cv_sys_global_symbol_to_cdecl='sed -n -e '\''s/^T .* \(.*\)$/extern int \1();/p'\'' -e '\''s/^[ABCDGIRSTW]* .* \(.*\)$/extern char \1;/p'\'''
lt_cv_sys_max_cmd_len=805306365
lt_cv_to_host_file_cmd=func_convert_file_noop
lt_cv_to_tool_file_cmd=func_convert_file_noop
pkg_cv_GLIB_SHARP_CFLAGS='-I:/usr/lib/pkgconfig/../../share/gapi-2.0/glib-api.xml  '
pkg_cv_GLIB_SHARP_LIBS='-r:/usr/lib/pkgconfig/../../lib/cli/glib-sharp-2.0/glib-sharp.dll  '
pkg_cv_GST_CFLAGS='-pthread -I/usr/include/gstreamer-1.0 -I/usr/include/glib-2.0 -I/usr/lib/i386-linux-gnu/glib-2.0/include  '
pkg_cv_GST_LIBS='-pthread -lgstreamer-1.0 -lgobject-2.0 -lgmodule-2.0 -lgthread-2.0 -lglib-2.0 -lglib-utils  '
pkg_cv_MONO_DEPENDENCY_CFLAGS=' '
pkg_cv_MONO_DEPENDENCY_LIBS=' '

## ----------------- ##
## Output variables. ##
## ----------------- ##

ACLOCAL='${SHELL} /home/yannick/gstreamer-sharp-1.0/missing --run aclocal-1.11'
AMDEPBACKSLASH=''
AMDEP_FALSE=''
AMDEP_TRUE='#'
AMTAR='$${TAR-tar}'
AM_BACKSLASH='\'
AM_DEFAULT_V='$(AM_DEFAULT_VERBOSITY)'
AM_DEFAULT_VERBOSITY='0'
AM_V='$(V)'
API_VERSION='1.0.6'
AR='ar'
AUTOCONF='${SHELL} /home/yannick/gstreamer-sharp-1.0/missing --run autoconf'
AUTOHEADER='${SHELL} /home/yannick/gstreamer-sharp-1.0/missing --run autoheader'
AUTOMAKE='${SHELL} /home/yannick/gstreamer-sharp-1.0/missing --run automake-1.11'
AWK='mawk'
CC='gcc'
CCDEPMODE='depmode=none'
CFLAGS='-g -O2'
CPP='gcc -E'
CPPFLAGS=''
CSC='/usr/bin/gmcs'
CYGPATH_W='echo'
DEFS='-DHAVE_CONFIG_H'
DEPDIR='.deps'
DLLTOOL='false'
DSYMUTIL=''
DUMPBIN=''
ECHO_C=''
ECHO_N='-n'
ECHO_T=''
EGREP='/bin/grep -E'
EXEEXT=''
FGREP='/bin/grep -F'
GACUTIL='gacutil'
GACUTIL_FLAGS='/package $(PACKAGE_VERSION) /gacdir $(libdir) /root $(DESTDIR)/$(libdir)'
GLIB_SHARP_CFLAGS='-I:/usr/lib/pkgconfig/../../share/gapi-2.0/glib-api.xml  '
GLIB_SHARP_LIBS='-r:/usr/lib/pkgconfig/../../lib/cli/glib-sharp-2.0/glib-sharp.dll  '
GREP='/bin/grep'
GST_CFLAGS='-pthread -I/usr/include/gstreamer-1.0 -I/usr/include/glib-2.0 -I/usr/lib/i386-linux-gnu/glib-2.0/include  '
GST_LIBS='-pthread -lgstreamer-1.0 -lgobject-2.0 -lgmodule-2.0 -lgthread-2.0 -lglib-2.0 -lglib-utils  '
INSTALL_DATA='${INSTALL} -m 644'
INSTALL_PROGRAM='${INSTALL}'
INSTALL_SCRIPT='${INSTALL}'
INSTALL_STRIP_PROGRAM='$(install_sh) -c -s'
LD='/usr/bin/ld'
LDFLAGS=''
LIBOBJS=''
LIBS=''
LIBTOOL='$(SHELL) $(top_builddir)/libtool'
LIPO=''
LN_S='ln -s'
LTLIBOBJS=''
MAKEINFO='${SHELL} /home/yannick/gstreamer-sharp-1.0/missing --run makeinfo'
MANIFEST_TOOL=':'
MKDIR_P='/bin/mkdir -p'
MONO='/usr/bin/mono'
MONO_DEPENDENCY_CFLAGS=' '
MONO_DEPENDENCY_LIBS=' '
MONO_REQUIRED_VERSION='2.4'
NM='/usr/bin/nm -B'
NMEDIT=''
OBJDUMP='objdump'
OBJEXT='o'
OTOOL64=''
OTOOL=''
PACKAGE='gstreamer-sharp'
PACKAGE_BUGREPORT='inizan.yannick@gmail.com'
PACKAGE_NAME='gstreamer-sharp'
PACKAGE_STRING='gstreamer-sharp 1.0.7'
PACKAGE_TARNAME='gstreamer-sharp'
PACKAGE_URL=''
PACKAGE_VERSION='gstreamer-sharp-1.0'
PATH_SEPARATOR=':'
PKG_CONFIG='/usr/bin/pkg-config'
PKG_CONFIG_LIBDIR=''
PKG_CONFIG_PATH=''
RANLIB='ranlib'
SED='/bin/sed'
SET_MAKE=''
SHELL='/bin/bash'
STRIP='strip'
VERSION='1.0.7'
ac_ct_AR='ar'
ac_ct_CC='gcc'
ac_ct_DUMPBIN=''
am__EXEEXT_FALSE=''
am__EXEEXT_TRUE='#'
am__fastdepCC_FALSE=''
am__fastdepCC_TRUE='#'
am__include='include'
am__isrc=''
am__leading_dot='.'
am__nodep=''
am__quote=''
am__tar='$${TAR-tar} chof - "$$tardir"'
am__untar='$${TAR-tar} xf -'
bindir='${exec_prefix}/bin'
build='i686-pc-linux-gnu'
build_alias='i686-linux-gnu'
build_cpu='i686'
build_os='linux-gnu'
build_vendor='pc'
datadir='${datarootdir}'
datarootdir='${prefix}/share'
docdir='${datarootdir}/doc/${PACKAGE_TARNAME}'
dvidir='${docdir}'
exec_prefix='${prefix}'
host='i686-pc-linux-gnu'
host_alias=''
host_cpu='i686'
host_os='linux-gnu'
host_vendor='pc'
htmldir='${docdir}'
includedir='${prefix}/include'
infodir='${prefix}/share/info'
install_sh='${SHELL} /home/yannick/gstreamer-sharp-1.0/install-sh'
libdir='${exec_prefix}/lib'
libexecdir='${prefix}/lib/gstreamer-sharp'
localedir='${datarootdir}/locale'
localstatedir='/var'
mandir='${prefix}/share/man'
mkdir_p='/bin/mkdir -p'
oldincludedir='/usr/include'
pdfdir='${docdir}'
prefix='/usr'
program_transform_name='s,x,x,'
psdir='${docdir}'
sbindir='${exec_prefix}/sbin'
sharedstatedir='${prefix}/com'
sysconfdir='/etc'
target_alias=''

## ----------- ##
## confdefs.h. ##
## ----------- ##

/* confdefs.h */
#define PACKAGE_NAME "gstreamer-sharp"
#define PACKAGE_TARNAME "gstreamer-sharp"
#define PACKAGE_VERSION "1.0.7"
#define PACKAGE_STRING "gstreamer-sharp 1.0.7"
#define PACKAGE_BUGREPORT "inizan.yannick@gmail.com"
#define PACKAGE_URL ""
#define PACKAGE "gstreamer-sharp"
#define VERSION "1.0.7"
#define STDC_HEADERS 1
#define HAVE_SYS_TYPES_H 1
#define HAVE_SYS_STAT_H 1
#define HAVE_STDLIB_H 1
#define HAVE_STRING_H 1
#define HAVE_MEMORY_H 1
#define HAVE_STRINGS_H 1
#define HAVE_INTTYPES_H 1
#define HAVE_STDINT_H 1
#define HAVE_UNISTD_H 1
#define HAVE_DLFCN_H 1
#define LT_OBJDIR ".libs/"

configure: exit 0

## ---------------------- ##
## Running config.status. ##
## ---------------------- ##

This file was extended by gstreamer-sharp config.status 1.0.7, which was
generated by GNU Autoconf 2.69.  Invocation command line was

  CONFIG_FILES    = 
  CONFIG_HEADERS  = 
  CONFIG_LINKS    = 
  CONFIG_COMMANDS = 
  $ ./config.status 

on yannick-Aspire-5315

config.status:1097: creating Makefile
config.status:1097: creating gstreamer-sharp/Makefile
config.status:1097: creating gstreamer-sharp-1.0.pc
config.status:1097: creating config.h
config.status:1278: config.h is unchanged
config.status:1326: executing depfiles commands
config.status:1326: executing libtool commands

## ---------------------- ##
## Running config.status. ##
## ---------------------- ##

This file was extended by gstreamer-sharp config.status 1.0.7, which was
generated by GNU Autoconf 2.69.  Invocation command line was

  CONFIG_FILES    = 
  CONFIG_HEADERS  = 
  CONFIG_LINKS    = 
  CONFIG_COMMANDS = 
  $ ./config.status config.h

on yannick-Aspire-5315

config.status:1097: creating config.h
config.status:1278: config.h is unchanged
